<?xml version="1.0" encoding="UTF-8"?>
<!-- Generated by org.testng.reporters.JUnitReportReporter -->
<testsuite skipped="0" hostname="DESKTOP-I6TKHMQ" name="com.qa.cxplite.tests.createbillservicetest" tests="1" failures="0" timestamp="29 Apr 2021 13:04:27 GMT" time="48.165" errors="0">
  <testcase name="bill_service" time="48.165" classname="com.qa.cxplite.tests.createbillservicetest"/>
</testsuite> <!-- com.qa.cxplite.tests.createbillservicetest -->
