<?xml version="1.0" encoding="UTF-8"?>
<!-- Generated by org.testng.reporters.JUnitReportReporter -->
<testsuite hostname="Administrator" failures="0" tests="1" name="com.qa.cxplite.tests.cxpLoginTest" time="12.209" errors="0" timestamp="2021-06-02T14:59:53 IST" skipped="0">
  <testcase classname="com.qa.cxplite.tests.cxpLoginTest" name="validatelogin" time="12.209"/>
  <system-out/>
</testsuite> <!-- com.qa.cxplite.tests.cxpLoginTest -->
