<?xml version="1.0" encoding="UTF-8"?>
<!-- Generated by org.testng.reporters.JUnitReportReporter -->
<testsuite hostname="SIPL154" name="com.qa.cxplite.tests.cxpdatapro" tests="1" failures="0" timestamp="20 Aug 2019 07:24:05 GMT" time="0.000" errors="0">
  <testcase name="a" time="0.000" classname="com.qa.cxplite.tests.cxpdatapro"/>
</testsuite> <!-- com.qa.cxplite.tests.cxpdatapro -->
