<?xml version="1.0" encoding="UTF-8"?>
<!-- Generated by org.testng.reporters.JUnitReportReporter -->
<testsuite hostname="Administrator" failures="0" tests="1" name="com.qa.cxplite.tests.CreateEstimateTest" time="59.101" errors="0" timestamp="2021-06-01T19:51:40 IST" skipped="0">
  <testcase classname="com.qa.cxplite.tests.CreateEstimateTest" name="validateCreateEstimates" time="59.101"/>
  <system-out/>
</testsuite> <!-- com.qa.cxplite.tests.CreateEstimateTest -->
