<?xml version="1.0" encoding="UTF-8"?>
<!-- Generated by org.testng.reporters.JUnitReportReporter -->
<testsuite hostname="Administrator" failures="0" tests="1" name="com.qa.cxplite.tests.CreateEstimateTest" time="26.033" errors="0" timestamp="2021-05-25T21:04:53 IST" skipped="0">
  <testcase classname="com.qa.cxplite.tests.CreateEstimateTest" name="validateCreateEstimates" time="26.033"/>
  <system-out/>
</testsuite> <!-- com.qa.cxplite.tests.CreateEstimateTest -->
