<?xml version="1.0" encoding="UTF-8"?>
<!-- Generated by org.testng.reporters.JUnitReportReporter -->
<testsuite hostname="SIPL154" name="com.qa.cxplite.tests.TestBase" tests="1" failures="0" timestamp="19 Aug 2019 06:43:17 GMT" time="4.429" errors="0">
  <testcase name="initialize" time="4.429" classname="com.qa.cxplite.tests.TestBase"/>
</testsuite> <!-- com.qa.cxplite.tests.TestBase -->
