<?xml version="1.0" encoding="UTF-8"?>
<!-- Generated by org.testng.reporters.JUnitReportReporter -->
<testsuite skipped="0" hostname="DESKTOP-I6TKHMQ" name="com.qa.cxplite.tests.ValidateHomePageTest" tests="1" failures="0" timestamp="29 Apr 2021 13:04:27 GMT" time="18.805" errors="0">
  <testcase name="validatehomepage" time="18.805" classname="com.qa.cxplite.tests.ValidateHomePageTest"/>
</testsuite> <!-- com.qa.cxplite.tests.ValidateHomePageTest -->
