<?xml version="1.0" encoding="UTF-8"?>
<!-- Generated by org.testng.reporters.JUnitReportReporter -->
<testsuite hostname="Administrator" failures="0" tests="1" name="com.qa.cxplite.tests.createbillservicetest" time="48.926" errors="0" timestamp="2021-06-01T17:13:06 IST" skipped="0">
  <testcase classname="com.qa.cxplite.tests.createbillservicetest" name="bill_service" time="48.926"/>
  <system-out/>
</testsuite> <!-- com.qa.cxplite.tests.createbillservicetest -->
