<?xml version="1.0" encoding="UTF-8"?>
<!-- Generated by org.testng.reporters.JUnitReportReporter -->
<testsuite hostname="Administrator" failures="0" tests="1" name="com.qa.cxplite.tests.cxpLoginTest" time="8.926" errors="0" timestamp="2021-06-01T19:39:26 IST" skipped="0">
  <testcase classname="com.qa.cxplite.tests.cxpLoginTest" name="validatelogin" time="8.926"/>
  <system-out/>
</testsuite> <!-- com.qa.cxplite.tests.cxpLoginTest -->
