<?xml version="1.0" encoding="UTF-8"?>
<!-- Generated by org.testng.reporters.JUnitReportReporter -->
<testsuite hostname="Administrator" failures="0" tests="2" name="com.qa.cxplite.tests.CreateEventTest" time="114.971" errors="0" timestamp="2021-06-02T11:41:34 IST" skipped="0">
  <testcase classname="com.qa.cxplite.tests.CreateEventTest" name="validateCreateEvent" time="106.339"/>
  <system-out/>
  <testcase classname="com.qa.cxplite.tests.CreateEventTest" name="serachEventTest" time="8.632"/>
  <system-out/>
</testsuite> <!-- com.qa.cxplite.tests.CreateEventTest -->
