<?xml version="1.0" encoding="UTF-8"?>
<!-- Generated by org.testng.reporters.JUnitReportReporter -->
<testsuite hostname="SIPL154" name="com.qa.cxplite.tests.TestBase1" tests="1" failures="0" timestamp="19 Aug 2019 07:07:34 GMT" time="4.169" errors="0">
  <testcase name="initialization" time="4.169" classname="com.qa.cxplite.tests.TestBase1"/>
</testsuite> <!-- com.qa.cxplite.tests.TestBase1 -->
