<?xml version="1.0" encoding="UTF-8"?>
<!-- Generated by org.testng.reporters.JUnitReportReporter -->
<testsuite hostname="Administrator" failures="0" tests="1" name="com.qa.cxplite.tests.CreateEstimateTest" time="52.671" errors="0" timestamp="2021-06-02T19:24:00 IST" skipped="0">
  <testcase classname="com.qa.cxplite.tests.CreateEstimateTest" name="validateCreateEstimates" time="52.671"/>
  <system-out/>
</testsuite> <!-- com.qa.cxplite.tests.CreateEstimateTest -->
