<?xml version="1.0" encoding="UTF-8"?>
<!-- Generated by org.testng.reporters.JUnitReportReporter -->
<testsuite hostname="Administrator" failures="0" tests="1" name="com.qa.cxplite.tests.CreateEstimateTest" time="36.566" errors="0" timestamp="2021-06-02T11:41:34 IST" skipped="0">
  <testcase classname="com.qa.cxplite.tests.CreateEstimateTest" name="validateCreateEstimates" time="36.566"/>
  <system-out/>
</testsuite> <!-- com.qa.cxplite.tests.CreateEstimateTest -->
