<?xml version="1.0" encoding="UTF-8"?>
<!-- Generated by org.testng.reporters.JUnitReportReporter -->
<testsuite hostname="Administrator" failures="0" tests="1" name="com.qa.cxplite.tests.createbillservicetest" time="16.284" errors="0" timestamp="2021-05-13T12:29:24 IST" skipped="0">
  <testcase classname="com.qa.cxplite.tests.createbillservicetest" name="bill_service" time="16.284"/>
  <system-out/>
</testsuite> <!-- com.qa.cxplite.tests.createbillservicetest -->
