<?xml version="1.0" encoding="UTF-8"?>
<!-- Generated by org.testng.reporters.JUnitReportReporter -->
<testsuite hostname="SIPL154" name="com.qa.cxplite.tests.EventGalleryTest" tests="2" failures="0" timestamp="19 Feb 2020 12:06:00 GMT" time="86.791" errors="0">
  <testcase name="eventnumberSearch" time="46.738" classname="com.qa.cxplite.tests.EventGalleryTest"/>
  <testcase name="eventgalleryimages" time="40.053" classname="com.qa.cxplite.tests.EventGalleryTest"/>
</testsuite> <!-- com.qa.cxplite.tests.EventGalleryTest -->
