<?xml version="1.0" encoding="UTF-8"?>
<!-- Generated by org.testng.reporters.JUnitReportReporter -->
<testsuite hostname="Administrator" failures="0" tests="2" name="com.qa.cxplite.tests.CreateEventTest" time="116.968" errors="0" timestamp="2021-06-02T19:24:00 IST" skipped="0">
  <testcase classname="com.qa.cxplite.tests.CreateEventTest" name="validateCreateEvent" time="108.331"/>
  <system-out/>
  <testcase classname="com.qa.cxplite.tests.CreateEventTest" name="serachEventTest" time="8.637"/>
  <system-out/>
</testsuite> <!-- com.qa.cxplite.tests.CreateEventTest -->
