<?xml version="1.0" encoding="UTF-8"?>
<!-- Generated by org.testng.reporters.JUnitReportReporter -->
<testsuite hostname="Administrator" failures="0" tests="1" name="com.qa.cxplite.tests.ValidateHomePageTest" time="5.393" errors="0" timestamp="2021-06-01T17:13:06 IST" skipped="0">
  <testcase classname="com.qa.cxplite.tests.ValidateHomePageTest" name="validatehomepage" time="5.393"/>
  <system-out/>
</testsuite> <!-- com.qa.cxplite.tests.ValidateHomePageTest -->
