<?xml version="1.0" encoding="UTF-8"?>
<!-- Generated by org.testng.reporters.JUnitReportReporter -->
<testsuite skipped="0" hostname="DESKTOP-I6TKHMQ" name="com.qa.cxplite.tests.cxplite_changerequestTest" tests="1" failures="0" timestamp="29 Apr 2021 13:04:27 GMT" time="2.259" errors="0">
  <testcase name="changerequest" time="2.259" classname="com.qa.cxplite.tests.cxplite_changerequestTest"/>
</testsuite> <!-- com.qa.cxplite.tests.cxplite_changerequestTest -->
