<?xml version="1.0" encoding="UTF-8"?>
<!-- Generated by org.testng.reporters.JUnitReportReporter -->
<testsuite hostname="Administrator" failures="0" tests="2" name="com.qa.cxplite.tests.CreateEventTest" time="121.438" errors="0" timestamp="2021-05-14T20:24:46 IST" skipped="0">
  <testcase classname="com.qa.cxplite.tests.CreateEventTest" name="validateCreateEvent" time="112.843"/>
  <system-out/>
  <testcase classname="com.qa.cxplite.tests.CreateEventTest" name="serachEventTest" time="8.595"/>
  <system-out/>
</testsuite> <!-- com.qa.cxplite.tests.CreateEventTest -->
