<?xml version="1.0" encoding="UTF-8"?>
<!-- Generated by org.testng.reporters.JUnitReportReporter -->
<testsuite hostname="Administrator" failures="0" tests="2" name="com.qa.cxplite.tests.CreateEventOrderTest" time="313.427" errors="0" timestamp="2021-06-01T19:39:26 IST" skipped="0">
  <testcase classname="com.qa.cxplite.tests.CreateEventOrderTest" name="eventnumberSearch" time="25.594"/>
  <system-out/>
  <testcase classname="com.qa.cxplite.tests.CreateEventOrderTest" name="add_menu" time="287.833"/>
  <system-out/>
</testsuite> <!-- com.qa.cxplite.tests.CreateEventOrderTest -->
