<?xml version="1.0" encoding="UTF-8"?>
<!-- Generated by org.testng.reporters.JUnitReportReporter -->
<testsuite hostname="SIPL154" name="com.qa.cxplite.tests.d" tests="2" failures="0" timestamp="20 Aug 2019 06:53:37 GMT" time="0.000" errors="0">
  <testcase name="loginTest" time="0.000" classname="com.qa.cxplite.tests.d"/>
  <testcase name="loginTest" time="0.000" classname="com.qa.cxplite.tests.d"/>
</testsuite> <!-- com.qa.cxplite.tests.d -->
