<?xml version="1.0" encoding="UTF-8"?>
<!-- Generated by org.testng.reporters.JUnitReportReporter -->
<testsuite hostname="Administrator" failures="0" tests="2" name="com.qa.cxplite.tests.CreateEventOrderTest" time="207.080" errors="0" timestamp="2021-05-25T21:04:53 IST" skipped="0">
  <testcase classname="com.qa.cxplite.tests.CreateEventOrderTest" name="eventnumberSearch" time="14.604"/>
  <system-out/>
  <testcase classname="com.qa.cxplite.tests.CreateEventOrderTest" name="add_menu" time="192.476"/>
  <system-out/>
</testsuite> <!-- com.qa.cxplite.tests.CreateEventOrderTest -->
